<?xml version="1.0" encoding="UTF-8"?>
<!-- Generated by org.testng.reporters.JUnitReportReporter -->
<testsuite skipped="1" hostname="RAVIKUMARVELU" name="testNGLearnings.Learning1" tests="4" failures="0" timestamp="06 Nov 2022 09:49:49 GMT" time="0.006" errors="0">
  <testcase name="firstMethod" time="0.001" classname="testNGLearnings.Learning1"/>
  <testcase name="secondMethod" time="0.001" classname="testNGLearnings.Learning1"/>
  <testcase name="thirdMethod" time="0.004" classname="testNGLearnings.Learning1"/>
  <testcase name="fourthMethod" classname="testNGLearnings.Learning1">
    <skipped/>
  </testcase> <!-- fourthMethod -->
</testsuite> <!-- testNGLearnings.Learning1 -->
