<?xml version="1.0" encoding="UTF-8"?>
<!-- Generated by org.testng.reporters.JUnitReportReporter -->
<testsuite skipped="0" hostname="RAVIKUMARVELU" name="testNGLearnings.TestSuite" tests="3" failures="0" timestamp="06 Nov 2022 09:49:49 GMT" time="7.509" errors="0">
  <testcase name="openYahoo" time="2.010" classname="testNGLearnings.TestSuite"/>
  <testcase name="openBing" time="2.532" classname="testNGLearnings.TestSuite"/>
  <testcase name="openGoogle" time="2.967" classname="testNGLearnings.TestSuite"/>
</testsuite> <!-- testNGLearnings.TestSuite -->
