<?xml version="1.0" encoding="UTF-8"?>
<!-- Generated by org.testng.reporters.JUnitReportReporter -->
<testsuite skipped="0" hostname="RAVIKUMARVELU" name="testNGLearnings.HandlingDependancies" tests="3" failures="0" timestamp="06 Nov 2022 09:49:49 GMT" time="0.007" errors="0">
  <testcase name="higherSecSchool" time="0.004" classname="testNGLearnings.HandlingDependancies"/>
  <testcase name="highSchool" time="0.002" classname="testNGLearnings.HandlingDependancies"/>
  <testcase name="engineering" time="0.001" classname="testNGLearnings.HandlingDependancies"/>
</testsuite> <!-- testNGLearnings.HandlingDependancies -->
