<?xml version="1.0" encoding="UTF-8"?>
<!-- Generated by org.testng.reporters.JUnitReportReporter -->
<testsuite skipped="0" hostname="RAVIKUMARVELU" name="testNGLearnings.ParallelExecution" tests="2" failures="0" timestamp="11 Nov 2022 04:29:47 GMT" time="6.989" errors="0">
  <testcase name="openGoogle" time="4.196" classname="testNGLearnings.ParallelExecution"/>
  <testcase name="openBing" time="2.793" classname="testNGLearnings.ParallelExecution"/>
</testsuite> <!-- testNGLearnings.ParallelExecution -->
