<?xml version="1.0" encoding="UTF-8"?>
<!-- Generated by org.testng.reporters.JUnitReportReporter -->
<testsuite skipped="0" hostname="RAVIKUMARVELU" name="testNGLearnings.HandlingsDependancies" tests="3" failures="0" timestamp="06 Nov 2022 06:27:13 GMT" time="0.014" errors="0">
  <testcase name="highSchool" time="0.009" classname="testNGLearnings.HandlingsDependancies"/>
  <testcase name="engineering" time="0.001" classname="testNGLearnings.HandlingsDependancies"/>
  <testcase name="higherSecSchool" time="0.004" classname="testNGLearnings.HandlingsDependancies"/>
</testsuite> <!-- testNGLearnings.HandlingsDependancies -->
