<?xml version="1.0" encoding="UTF-8"?>
<!-- Generated by org.testng.reporters.JUnitReportReporter -->
<testsuite skipped="0" hostname="RAVIKUMARVELU" name="testNGLearnings.GroupingExample" tests="3" failures="0" timestamp="06 Nov 2022 10:27:17 GMT" time="0.009" errors="0">
  <testcase name="hero" time="0.001" classname="testNGLearnings.GroupingExample"/>
  <testcase name="yamaha" time="0.002" classname="testNGLearnings.GroupingExample"/>
  <testcase name="enfield" time="0.006" classname="testNGLearnings.GroupingExample"/>
</testsuite> <!-- testNGLearnings.GroupingExample -->
