<?xml version="1.0" encoding="UTF-8"?>
<!-- Generated by org.testng.reporters.JUnitReportReporter -->
<testsuite skipped="0" hostname="RAVIKUMARVELU" name="testNGLearnings.DataProviderExample" tests="4" failures="0" timestamp="19 Nov 2022 13:46:53 GMT" time="27.541" errors="0">
  <testcase name="login" time="7.886" classname="testNGLearnings.DataProviderExample"/>
  <testcase name="login" time="6.600" classname="testNGLearnings.DataProviderExample"/>
  <testcase name="login" time="6.652" classname="testNGLearnings.DataProviderExample"/>
  <testcase name="login" time="6.403" classname="testNGLearnings.DataProviderExample"/>
</testsuite> <!-- testNGLearnings.DataProviderExample -->
