<?xml version="1.0" encoding="UTF-8"?>
<!-- Generated by org.testng.reporters.JUnitReportReporter -->
<testsuite skipped="0" hostname="RAVIKUMARVELU" name="testNGLearnings.AssertionExample" tests="1" failures="0" timestamp="13 Nov 2022 12:42:27 GMT" time="0.016" errors="0">
  <testcase name="condtionCheck" time="0.016" classname="testNGLearnings.AssertionExample"/>
</testsuite> <!-- testNGLearnings.AssertionExample -->
