<?xml version="1.0" encoding="UTF-8"?>
<!-- Generated by org.testng.reporters.JUnitReportReporter -->
<testsuite skipped="0" hostname="RAVIKUMARVELU" name="testNGLearnings.AllAnnotation" tests="1" failures="0" timestamp="13 Nov 2022 12:53:45 GMT" time="0.000" errors="0">
  <testcase name="test" time="0.000" classname="testNGLearnings.AllAnnotation"/>
</testsuite> <!-- testNGLearnings.AllAnnotation -->
