<?xml version="1.0" encoding="UTF-8"?>
<!-- Generated by org.testng.reporters.JUnitReportReporter -->
<testsuite skipped="0" hostname="RAVIKUMARVELU" name="testNGLearnings.Parameterization" tests="1" failures="0" timestamp="09 Nov 2022 03:04:00 GMT" time="0.009" errors="0">
  <testcase name="printname" time="0.009" classname="testNGLearnings.Parameterization"/>
</testsuite> <!-- testNGLearnings.Parameterization -->
